TN:
SF:/Users/andeladev/Desktop/checkpoint/checkpoint1-inverted-index/src/js/inverted-index.js
FN:8,(anonymous_1)
FN:18,(anonymous_2)
FN:49,(anonymous_3)
FN:60,(anonymous_4)
FN:85,(anonymous_5)
FN:102,(anonymous_6)
FN:116,(anonymous_7)
FNF:7
FNH:6
FNDA:1,(anonymous_1)
FNDA:1,(anonymous_2)
FNDA:0,(anonymous_3)
FNDA:2,(anonymous_4)
FNDA:4,(anonymous_5)
FNDA:1,(anonymous_6)
FNDA:2,(anonymous_7)
DA:9,1
DA:10,1
DA:19,1
DA:20,1
DA:21,1
DA:22,1
DA:23,1
DA:24,2
DA:25,2
DA:26,2
DA:27,2
DA:28,2
DA:29,35
DA:30,9
DA:31,2
DA:34,26
DA:39,0
DA:50,0
DA:61,2
DA:62,2
DA:63,2
DA:64,2
DA:65,2
DA:66,2
DA:67,1
DA:68,0
DA:70,1
DA:71,1
DA:76,2
DA:86,4
DA:87,4
DA:91,50
DA:103,1
DA:104,1
DA:105,1
DA:106,1
DA:117,2
DA:118,2
DA:119,1
DA:122,1
DA:123,1
DA:124,2
DA:125,2
DA:126,2
DA:127,0
DA:130,1
DA:132,0
LF:47
LH:42
BRDA:19,1,0,1
BRDA:19,1,1,0
BRDA:21,2,0,1
BRDA:21,2,1,1
BRDA:29,3,0,9
BRDA:29,3,1,26
BRDA:30,4,0,2
BRDA:30,4,1,7
BRDA:61,5,0,2
BRDA:61,5,1,1
BRDA:66,6,0,1
BRDA:66,6,1,1
BRDA:67,7,0,0
BRDA:67,7,1,1
BRDA:76,8,0,1
BRDA:76,8,1,1
BRDA:104,9,0,1
BRDA:104,9,1,0
BRDA:118,10,0,1
BRDA:118,10,1,1
BRDA:118,11,0,2
BRDA:118,11,1,1
BRDA:126,12,0,0
BRDA:126,12,1,2
BRDA:126,13,0,2
BRDA:126,13,1,2
BRF:26
BRH:22
end_of_record
